4.863833798969878330e+00 9.727667597939699817e+00
4.864075172755409682e+00 0.000000000000000000e+00
4.864798502292837057e+00 9.728333478639331844e+00
4.866001397434325249e+00 0.000000000000000000e+00
4.867679824780642761e+00 9.730329680515101387e+00
4.869828032514959659e+00 0.000000000000000000e+00
4.872438453466824804e+00 9.733651852685614614e+00
4.875501587407248039e+00 0.000000000000000000e+00
4.879005753937770251e+00 9.738292641235659630e+00
4.882936538771629031e+00 0.000000000000000000e+00
4.887276735610168288e+00 9.744241534561123075e+00
4.892009356714110524e+00 0.000000000000000000e+00
4.897119757166543685e+00 9.751484663227866889e+00
4.902571310893046430e+00 0.000000000000000000e+00
4.908257146671106241e+00 9.760004556150683186e+00
4.914116521542838179e+00 0.000000000000000000e+00
4.920589349289070213e+00 9.769779635312044519e+00
4.928354901816943467e+00 0.000000000000000000e+00
4.935304587545502386e+00 9.780783093298996533e+00
4.934994864165736850e+00 0.000000000000000000e+00
4.931460028537300033e+00 9.792982759143777471e+00
4.960897201206959650e+00 0.000000000000000000e+00
5.040070040762095971e+00 9.806347112266831090e+00
5.023196994299568452e+00 0.000000000000000000e+00
4.702733695123486157e+00 9.820849531590919668e+00
4.469121790595819377e+00 0.000000000000000000e+00
5.441404256277179385e+00 9.836419491816617011e+00
7.187979287109786952e+00 0.000000000000000000e+00
5.623457768755043773e+00 9.852845556010493056e+00
-1.138011188377324068e+00 0.000000000000000000e+00
-2.419892711352751302e+00 9.870008699109519057e+00
1.499653818042806463e+01 0.000000000000000000e+00
3.239918267686056197e+01 9.888795953979474973e+00
3.766809748803218838e+00 0.000000000000000000e+00
-5.787742057757114367e+01 9.910578049605220485e+00
-4.169941212959787435e+01 0.000000000000000000e+00
9.510699031467123632e+01 9.931119785856438398e+00
1.591114339036776641e+02 0.000000000000000000e+00
-4.474091292146721344e+01 9.937445613633247632e+00
-2.869431752153006414e+02 0.000000000000000000e+00
-1.137942149774812606e+02 9.937655854095275743e+00
3.586050290887238816e+02 0.000000000000000000e+00
3.937941705080515362e+02 1.000473612940238866e+01
-2.202866739933796225e+02 0.000000000000000000e+00
-6.103083989293412515e+02 1.017268470294511573e+01
-9.092658937682958253e+01 0.000000000000000000e+00
6.222243586972497269e+02 1.014727607373463236e+01
4.377116786234179244e+02 0.000000000000000000e+00
-3.677331763385103045e+02 9.508381260066357754e+00
-5.852920599083458910e+02 0.000000000000000000e+00
2.617422839050415462e+01 9.044447392106331307e+00
4.862173358563634338e+02 0.000000000000000000e+00
2.064095679343047891e+02 1.102278221463501495e+01
-2.580025416184029154e+02 0.000000000000000000e+00
-2.579991345128431135e+02 1.457552524853142373e+01
4.749899170595880094e+01 0.000000000000000000e+00
1.676240212616886538e+02 1.141497082004264740e+01
3.502331720485732802e+01 0.000000000000000000e+00
-7.861995515334331230e+01 -2.312537124299119728e+00
-4.615347515743179940e+01 0.000000000000000000e+00
2.846494334669428738e+01 -4.922956370990790198e+00
4.958875000434257174e+01 0.000000000000000000e+00
3.818990981896939729e+01 3.054397142743544080e+01
4.343189299353206678e+01 0.000000000000000000e+00
7.019221789814503154e+01 6.606784038100627754e+01
9.944364312831407915e+01 0.000000000000000000e+00
1.230380334920256189e+02 7.690743182885827700e+00
1.441125132103866235e+02 0.000000000000000000e+00
1.645017300058647436e+02 -1.183203371621579834e+02
1.818896239618094341e+02 0.000000000000000000e+00
1.935050593362737459e+02 -8.535969499540784966e+01
1.980144489586836869e+02 0.000000000000000000e+00
1.950190735133968474e+02 1.949508715552678382e+02
1.845485648015516631e+02 0.000000000000000000e+00
1.671367518323866079e+02 3.266037208693915090e+02
1.439263638516102901e+02 0.000000000000000000e+00
1.165580822169134478e+02 -9.197055341399840245e+01
8.695278438075789040e+01 0.000000000000000000e+00
5.708850225948529555e+01 -5.907195593915771497e+02
2.879684434505671220e+01 0.000000000000000000e+00
3.591901254932548415e+00 -2.346196879795980976e+02
-1.744819581985272805e+01 0.000000000000000000e+00
-3.373375517041439764e+01 7.405200794255047185e+02
-4.515041888334927478e+01 0.000000000000000000e+00
-5.199184186188024626e+01 8.144855274142151984e+02
-5.485604633711636779e+01 0.000000000000000000e+00
-5.452580114984480986e+01 -4.563661535195824399e+02
-5.185210154921774972e+01 0.000000000000000000e+00
-4.765559332877601406e+01 -1.266494200446099057e+03
-4.265491683100459852e+01 0.000000000000000000e+00
-3.742487392951134240e+01 -1.890127149720980810e+02
-3.238220146964525270e+01 0.000000000000000000e+00
-2.779326245660126204e+01 1.295719671790274333e+03
-2.379634211362458984e+01 0.000000000000000000e+00
-2.043124904297395972e+01 9.131325588883663613e+02
-1.767010308904405846e+01 0.000000000000000000e+00
-1.544498374592247281e+01 -7.685603012169758586e+02
-1.367001156184138466e+01 0.000000000000000000e+00
-1.225707555901620083e+01 -1.225561371093524940e+03
-1.112560705194858279e+01 0.000000000000000000e+00
-1.020749126202050583e+01 5.491254074248676176e+01
-9.448467359947235522e+00 0.000000000000000000e+00
-8.807315465043178193e+00 1.022071555367313408e+03
-8.253897167304989679e+00 0.000000000000000000e+00
-7.766816578459573961e+00 4.347623844199965788e+02
-7.331180423725218276e+00 0.000000000000000000e+00
-6.936701769743052637e+00 -5.445472030474816165e+02
-6.576227435868451821e+00 0.000000000000000000e+00
-6.244669671059773108e+00 -5.456792213597157115e+02
-5.938274298295687537e+00 0.000000000000000000e+00
-5.654143668574453052e+00 1.006768143528311157e+02
-5.389938675019310566e+00 0.000000000000000000e+00
-5.143698755267170242e+00 3.560619783187848384e+02
-4.913735251604688159e+00 0.000000000000000000e+00
-4.698568005152218063e+00 7.456059044386545054e+01
-4.496886235942318066e+00 0.000000000000000000e+00
-4.307522559996295186e+00 -1.677513773654309830e+02
-4.129434004231113065e+00 0.000000000000000000e+00
-3.961686859607667976e+00 -9.870463853761687290e+01
-3.803443852783376933e+00 0.000000000000000000e+00
-3.653952945662830132e+00 6.101857030889328826e+01
-3.512537451026621405e+00 0.000000000000000000e+00
-3.378587303545416365e+00 1.065545986867803094e+02
-3.251551374366813629e+00 0.000000000000000000e+00
-3.130930728004809094e+00 8.226097948546714633e+01
-3.016272721190835338e+00 0.000000000000000000e+00
-2.907165845250214709e+00 9.378409138137428158e+01
-2.803235218834650322e+00 0.000000000000000000e+00
-2.704138645794728291e+00 1.519510183483527612e+02
-2.609563162273664805e+00 0.000000000000000000e+00
-2.519222006605489561e+00 2.158266480656475039e+02
-2.432851954586985332e+00 0.000000000000000000e+00
-2.350210970797093513e+00 2.677318664402336026e+02
-2.271076133738331837e+00 0.000000000000000000e+00
-2.195241798688213120e+00 3.144230505773736013e+02
-2.122517967363982017e+00 0.000000000000000000e+00
-2.052728837933933903e+00 3.598774328967258498e+02
-1.985711512661763267e+00 0.000000000000000000e+00
-1.921314843650672399e+00 3.990093683195597123e+02
-1.859398399847465466e+00 0.000000000000000000e+00
-1.799831540758565662e+00 4.256750412140441426e+02
-1.742492584280819656e+00 0.000000000000000000e+00
-1.687268057713388281e+00 4.368307680536245812e+02
-1.634052022439067775e+00 0.000000000000000000e+00
-1.582745463982468959e+00 4.314632374451501846e+02
-1.533255740196712846e+00 0.000000000000000000e+00
-1.485496081234617627e+00 4.094942050602718382e+02
-1.439385135735865795e+00 0.000000000000000000e+00
-1.394846558335688602e+00 3.719628368506589595e+02
-1.351808634181471458e+00 0.000000000000000000e+00
-1.310203936650090828e+00 3.212763067599394162e+02
-1.269969014898617576e+00 0.000000000000000000e+00
-1.231044108265285875e+00 2.609827835201281232e+02
-1.193372884875392170e+00 0.000000000000000000e+00
-1.156902202098041066e+00 1.953010479119012075e+02
-1.121581886755862456e+00 0.000000000000000000e+00
-1.087364533217078488e+00 1.286299100384359804e+02
-1.054205317702349376e+00 0.000000000000000000e+00
-1.022061827312199966e+00 6.509253793016236500e+01
-9.908939024333944801e-01 0.000000000000000000e+00
-9.606634913199716408e-01 8.145627960533552425e+00
-9.313345157713648348e-01 0.000000000000000000e+00
-9.028727469367279213e-01 -3.969955205456807334e+01
-8.752456903674126210e-01 0.000000000000000000e+00
-8.484224795241104289e-01 -7.701154369707339242e+01
-8.223737770257866231e-01 0.000000000000000000e+00
-7.970716829968012007e-01 -1.034261334663598291e+02
-7.724896499244202630e-01 0.000000000000000000e+00
-7.486024034937557303e-01 -1.195095258133430889e+02
-7.253858689190479936e-01 0.000000000000000000e+00
-7.028171023356293290e-01 -1.265354567206266267e+02
-6.808742268512126827e-01 0.000000000000000000e+00
-6.595363728928766989e-01 -1.262210977196982356e+02
-6.387836225177672134e-01 0.000000000000000000e+00
-6.185969573882452721e-01 -1.204648458942291143e+02
-5.989582101335759745e-01 0.000000000000000000e+00
-5.798500188430009139e-01 -1.111204471278179824e+02
-5.612557844599752599e-01 0.000000000000000000e+00
-5.431596308668389383e-01 -9.982919219465719607e+01
-5.255463674655729278e-01 0.000000000000000000e+00
-5.084014540727608278e-01 -8.791835471868435548e+01
-4.917109679662559074e-01 0.000000000000000000e+00
-4.754615729324740414e-01 -7.636227964123557399e+01
-4.596404901768238460e-01 0.000000000000000000e+00
-4.442354709671292312e-01 -6.579427157506665935e+01
-4.292347708915542626e-01 0.000000000000000000e+00
-4.146271256229852042e-01 -5.655326806122749872e+01
-4.004017280895482145e-01 0.000000000000000000e+00
-3.865482069583947577e-01 -4.874885912471422955e+01
-3.730566063456848269e-01 0.000000000000000000e+00
-3.599173666725974385e-01 -4.233055180309061427e+01
-3.471213065948717258e-01 0.000000000000000000e+00
-3.346596059375883669e-01 -3.715104801762147702e+01
-3.225237895716830394e-01 0.000000000000000000e+00
-3.107057121722931470e-01 -3.301755536158338344e+01
-2.991975438041656332e-01 0.000000000000000000e+00
-2.879917562846294743e-01 -2.972892206488317157e+01
-2.770811102767396505e-01 0.000000000000000000e+00
-2.664586430681694651e-01 -2.709919126741224460e+01
-2.561176569940855074e-01 0.000000000000000000e+00
-2.460517084666236087e-01 -2.496986513894067627e+01
-2.362545975757619487e-01 0.000000000000000000e+00
-2.267203582287606878e-01 -2.321387145794900420e+01
-2.174432487958313232e-01 0.000000000000000000e+00
-2.084177432332836588e-01 -2.173419024232838126e+01
-1.996385226590575712e-01 0.000000000000000000e+00
-1.911004673529230757e-01 -2.045961998906138746e+01
-1.827986491600199770e-01 0.000000000000000000e+00
-1.747283242731896280e-01 -1.933950137181140505e+01
-1.668849263762695045e-01 0.000000000000000000e+00
-1.592640601267021339e-01 -1.833855833113342015e+01
-1.518614949599168540e-01 0.000000000000000000e+00
-1.446731591997831856e-01 -1.743247072250846230e+01
-1.376951344573598135e-01 0.000000000000000000e+00
-1.309236503040551725e-01 -1.660440052974340830e+01
-1.243550792053440546e-01 0.000000000000000000e+00
-1.179859317012059705e-01 -1.584245060857309717e+01
-1.118128518210710354e-01 0.000000000000000000e+00
-1.058326127224482605e-01 -1.513791183408569196e+01
-1.000421125411321555e-01 0.000000000000000000e+00
-9.443837044434388872e-02 -1.448411440278164974e+01
-8.901852287536371477e-02 0.000000000000000000e+00
-8.377981998183159362e-02 -1.387570780922471947e+01
-7.871962221885375754e-02 0.000000000000000000e+00
-7.383539711919695492e-02 -1.330822560779383679e+01
-6.912471622304217078e-02 0.000000000000000000e+00
-6.458525215949384446e-02 -1.277782844278598873e+01
-6.021477587392254360e-02 0.000000000000000000e+00
-5.601115399491751745e-02 -1.228115267406260536e+01
-5.197234633490532829e-02 0.000000000000000000e+00
-4.809640351865374086e-02 -1.181521845358246026e+01
-4.438146473485637955e-02 0.000000000000000000e+00
-4.082575560533108217e-02 -1.137736987587976500e+01
-3.742758616823582685e-02 0.000000000000000000e+00
-3.418534896991287653e-02 -1.096523202338284086e+01
-3.109751726222675927e-02 0.000000000000000000e+00
-2.816264330151829753e-02 -1.057667706059786639e+01
-2.537935674507263428e-02 0.000000000000000000e+00
-2.274636314196909481e-02 -1.020979560808092756e+01
-2.026244251567765886e-02 0.000000000000000000e+00
-1.792644803561005418e-02 -9.862871708069445020e+00
-1.573730477427748298e-02 0.000000000000000000e+00
-1.369400854775504328e-02 -9.534360652009771897e+00
-1.179562483734253320e-02 0.000000000000000000e+00
-1.004128779067858801e-02 -9.222869323707584499e+00
-8.430199299544138825e-03 0.000000000000000000e+00
-6.961628152978516226e-03 -8.927138833419483888e+00
-5.634909263915854893e-03 0.000000000000000000e+00
-4.449442968104566631e-03 -8.646029239760535390e+00
-3.404694393888352266e-03 0.000000000000000000e+00
-2.500192901137232582e-03 -8.378506151960870341e+00
-1.735531588892502697e-03 0.000000000000000000e+00
-1.110366870685997043e-03 -8.123629002837505553e+00
-6.244181162147199871e-04 0.000000000000000000e+00
-2.774673593379795022e-04 -7.880540789690560821e+00
-6.935907146532471756e-05 0.000000000000000000e+00
0.000000000000000000e+00 -7.648459094840278638e+00
-6.935907146532471756e-05 0.000000000000000000e+00
-2.774673593379795022e-04 -7.426668216346643980e+00
-6.244181162147199871e-04 0.000000000000000000e+00
-1.110366870685997043e-03 -7.214512259652229531e+00
-1.735531588892502697e-03 0.000000000000000000e+00
-2.500192901137232582e-03 -7.011389060490064828e+00
-3.404694393888352266e-03 0.000000000000000000e+00
-4.449442968104566631e-03 -6.816744827364031423e+00
-5.634909263915854893e-03 0.000000000000000000e+00
-6.961628152978516226e-03 -6.630069407790302627e+00
-8.430199299544138825e-03 0.000000000000000000e+00
-1.004128779067858801e-02 -6.450892096246807483e+00
-1.179562483734253320e-02 0.000000000000000000e+00
-1.369400854775504328e-02 -6.278777913560416479e+00
-1.573730477427748298e-02 0.000000000000000000e+00
-1.792644803561005418e-02 -6.113324297496798287e+00
-2.026244251567765886e-02 0.000000000000000000e+00
-2.274636314196909481e-02 -5.954158152833422868e+00
-2.537935674507263428e-02 0.000000000000000000e+00
-2.816264330151829753e-02 -5.800933216416758853e+00
-3.109751726222675927e-02 0.000000000000000000e+00
-3.418534896991287653e-02 -5.653327698834198500e+00
-3.742758616823582685e-02 0.000000000000000000e+00
-4.082575560533108217e-02 -5.511042169540879776e+00
-4.438146473485637955e-02 0.000000000000000000e+00
-4.809640351865374086e-02 -5.373797656719818683e+00
-5.197234633490532829e-02 0.000000000000000000e+00
-5.601115399491751745e-02 -5.241333936949343908e+00
-6.021477587392254360e-02 0.000000000000000000e+00
-6.458525215949384446e-02 -5.113407992984329020e+00
-6.912471622304217078e-02 0.000000000000000000e+00
-7.383539711919695492e-02 -4.989792620737119933e+00
-7.871962221885375754e-02 0.000000000000000000e+00
-8.377981998183159362e-02 -4.870275168925749298e+00
-8.901852287536371477e-02 0.000000000000000000e+00
-9.443837044434388872e-02 -4.754656396914987759e+00
-1.000421125411321555e-01 0.000000000000000000e+00
-1.058326127224482605e-01 -4.642749438048127786e+00
-1.118128518210710354e-01 0.000000000000000000e+00
-1.179859317012059705e-01 -4.534378857299293131e+00
-1.243550792053440546e-01 0.000000000000000000e+00
-1.309236503040551725e-01 -4.429379793406431176e+00
-1.376951344573598135e-01 0.000000000000000000e+00
-1.446731591997831856e-01 -4.327597176796082579e+00
-1.518614949599168540e-01 0.000000000000000000e+00
-1.592640601267021339e-01 -4.228885015613935039e+00
-1.668849263762695045e-01 0.000000000000000000e+00
-1.747283242731896280e-01 -4.133105743053367753e+00
-1.827986491600199770e-01 0.000000000000000000e+00
-1.911004673529230757e-01 -4.040129619946457140e+00
-1.996385226590575712e-01 0.000000000000000000e+00
-2.084177432332836588e-01 -3.949834187244668726e+00
-2.174432487958313232e-01 0.000000000000000000e+00
-2.267203582287606878e-01 -3.862103763597660944e+00
-2.362545975757619487e-01 0.000000000000000000e+00
-2.460517084666236087e-01 -3.776828983761395975e+00
-2.561176569940855074e-01 0.000000000000000000e+00
-2.664586430681694651e-01 -3.693906374028628647e+00
-2.770811102767396505e-01 0.000000000000000000e+00
-2.879917562846294743e-01 -3.613237961275421739e+00
-2.991975438041656332e-01 0.000000000000000000e+00
-3.107057121722931470e-01 -3.534730912555451354e+00
-3.225237895716830394e-01 0.000000000000000000e+00
-3.346596059375883669e-01 -3.458297202492804701e+00
-3.471213065948717258e-01 0.000000000000000000e+00
-3.599173666725974385e-01 -3.383853306012927220e+00
-3.730566063456848269e-01 0.000000000000000000e+00
-3.865482069583947577e-01 -3.311319914201110493e+00
-4.004017280895482145e-01 0.000000000000000000e+00
-4.146271256229852042e-01 -3.240621671278386629e+00
-4.292347708915542626e-01 0.000000000000000000e+00
-4.442354709671292312e-01 -3.171686930880845523e+00
-4.596404901768238460e-01 0.000000000000000000e+00
-4.754615729324740414e-01 -3.104447530017303336e+00
-4.917109679662559074e-01 0.000000000000000000e+00
-5.084014540727608278e-01 -3.038838579238024806e+00
-5.255463674655729278e-01 0.000000000000000000e+00
-5.431596308668389383e-01 -2.974798267670344387e+00
-5.612557844599752599e-01 0.000000000000000000e+00
-5.798500188430009139e-01 -2.912267681700548394e+00
-5.989582101335759745e-01 0.000000000000000000e+00
-6.185969573882452721e-01 -2.851190636205728879e+00
-6.387836225177672134e-01 0.000000000000000000e+00
-6.595363728928766989e-01 -2.791513517342643524e+00
-6.808742268512126827e-01 0.000000000000000000e+00
-7.028171023356293290e-01 -2.733185135976832214e+00
-7.253858689190479936e-01 0.000000000000000000e+00
-7.486024034937557303e-01 -2.676156590914864353e+00
-7.724896499244202630e-01 0.000000000000000000e+00
-7.970716829968012007e-01 -2.620381141186719276e+00
-8.223737770257866231e-01 0.000000000000000000e+00
-8.484224795241104289e-01 -2.565814086695382912e+00
-8.752456903674126210e-01 0.000000000000000000e+00
-9.028727469367279213e-01 -2.512412656597746263e+00
-9.313345157713648348e-01 0.000000000000000000e+00
-9.606634913199716408e-01 -2.460135904831493026e+00
-9.908939024333944801e-01 0.000000000000000000e+00
-1.022061827312199966e+00 -2.408944612259858786e+00
-1.054205317702349376e+00 0.000000000000000000e+00
-1.087364533217078488e+00 -2.358801194960207681e+00
-1.121581886755862456e+00 0.000000000000000000e+00
-1.156902202098041066e+00 -2.309669618208616271e+00
-1.193372884875392170e+00 0.000000000000000000e+00
-1.231044108265285875e+00 -2.261515315743139354e+00
-1.269969014898617576e+00 0.000000000000000000e+00
-1.310203936650090828e+00 -2.214305113931544611e+00
-1.351808634181471458e+00 0.000000000000000000e+00
-1.394846558335688602e+00 -2.168007160504288322e+00
-1.439385135735865795e+00 0.000000000000000000e+00
-1.485496081234617627e+00 -2.122590857537375086e+00
-1.533255740196712846e+00 0.000000000000000000e+00
-1.582745463982468959e+00 -2.078026798385252505e+00
-1.634052022439067775e+00 0.000000000000000000e+00
-1.687268057713388281e+00 -2.034286708290721890e+00
-1.742492584280819656e+00 0.000000000000000000e+00
-1.799831540758565662e+00 -1.991343388427083028e+00
-1.859398399847465466e+00 0.000000000000000000e+00
-1.921314843650672399e+00 -1.949170663143945603e+00
-1.985711512661763267e+00 0.000000000000000000e+00
-2.052728837933933903e+00 -1.907743330205676102e+00
-2.122517967363982017e+00 0.000000000000000000e+00
-2.195241798688213120e+00 -1.867037113817303862e+00
-2.271076133738331837e+00 0.000000000000000000e+00
-2.350210970797093513e+00 -1.827028620257522107e+00
-2.432851954586985332e+00 0.000000000000000000e+00
-2.519222006605489561e+00 -1.787695295951976959e+00
-2.609563162273664805e+00 0.000000000000000000e+00
-2.704138645794728291e+00 -1.749015387832656643e+00
-2.803235218834650322e+00 0.000000000000000000e+00
-2.907165845250214709e+00 -1.710967905837897263e+00
-3.016272721190835338e+00 0.000000000000000000e+00
-3.130930728004809094e+00 -1.673532587411365569e+00
-3.251551374366813629e+00 0.000000000000000000e+00
-3.378587303545416365e+00 -1.636689863875865569e+00
-3.512537451026621405e+00 0.000000000000000000e+00
-3.653952945662830132e+00 -1.600420828569262710e+00
-3.803443852783376933e+00 0.000000000000000000e+00
-3.961686859607667976e+00 -1.564707206637208969e+00
-4.129434004231113065e+00 0.000000000000000000e+00
-4.307522559996295186e+00 -1.529531326376670108e+00
-4.496886235942318066e+00 0.000000000000000000e+00
-4.698568005152218063e+00 -1.494876092031859116e+00
-4.913735251604688159e+00 0.000000000000000000e+00
-5.143698755267170242e+00 -1.460724957959143921e+00
-5.389938675019310566e+00 0.000000000000000000e+00
-5.654143668574453052e+00 -1.427061904082819410e+00
-5.938274298295687537e+00 0.000000000000000000e+00
-6.244669671059773108e+00 -1.393871412563157719e+00
-6.576227435868451821e+00 0.000000000000000000e+00
-6.936701769743052637e+00 -1.361138445601966396e+00
-7.331180423725218276e+00 0.000000000000000000e+00
-7.766816578459573961e+00 -1.328848424318636035e+00
-8.253897167304989679e+00 0.000000000000000000e+00
-8.807315465043178193e+00 -1.296987208639279743e+00
-9.448467359947235522e+00 0.000000000000000000e+00
-1.020749126202050583e+01 -1.265541078138973319e+00
-1.112560705194858279e+01 0.000000000000000000e+00
-1.225707555901620083e+01 -1.234496713780458776e+00
-1.367001156184138466e+01 0.000000000000000000e+00
-1.544498374592247281e+01 -1.203841180497590813e+00
-1.767010308904405846e+01 0.000000000000000000e+00
-2.043124904297395972e+01 -1.173561910578882816e+00
-2.379634211362458984e+01 0.000000000000000000e+00
-2.779326245660126204e+01 -1.143646687803880013e+00
-3.238220146964525270e+01 0.000000000000000000e+00
-3.742487392951134240e+01 -1.114083632291297477e+00
-4.265491683100459852e+01 0.000000000000000000e+00
-4.765559332877601406e+01 -1.084861186015245949e+00
-5.185210154921774972e+01 0.000000000000000000e+00
-5.452580114984480986e+01 -1.055968098959027657e+00
-5.485604633711636779e+01 0.000000000000000000e+00
-5.199184186188024626e+01 -1.027393415866299620e+00
-4.515041888334927478e+01 0.000000000000000000e+00
-3.373375517041439764e+01 -9.991264635581842413e-01
-1.744819581985272805e+01 0.000000000000000000e+00
3.591901254932548415e+00 -9.711568387855749052e-01
2.879684434505671220e+01 0.000000000000000000e+00
5.708850225948529555e+01 -9.434743965860548087e-01
8.695278438075789040e+01 0.000000000000000000e+00
1.165580822169134478e+02 -9.160692391187197359e-01
1.439263638516102901e+02 0.000000000000000000e+00
1.671367518323866079e+02 -8.889317049518581371e-01
1.845485648015516631e+02 0.000000000000000000e+00
1.950190735133968474e+02 -8.620523587792945364e-01
1.980144489586836869e+02 0.000000000000000000e+00
1.935050593362737459e+02 -8.354219815390422355e-01
1.818896239618094341e+02 0.000000000000000000e+00
1.645017300058647436e+02 -8.090315609130911412e-01
1.441125132103866235e+02 0.000000000000000000e+00
1.230380334920256189e+02 -7.828722821893210337e-01
9.944364312831407915e+01 0.000000000000000000e+00
7.019221789814503154e+01 -7.569355194677029885e-01
4.343189299353206678e+01 0.000000000000000000e+00
3.818990981896939729e+01 -7.312128271903439725e-01
4.958875000434257174e+01 0.000000000000000000e+00
2.846494334669428738e+01 -7.056959319742697190e-01
-4.615347515743179940e+01 0.000000000000000000e+00
-7.861995515334331230e+01 -6.803767247324103984e-01
3.502331720485732802e+01 0.000000000000000000e+00
1.676240212616886538e+02 -6.552472530699011699e-01
4.749899170595880094e+01 0.000000000000000000e+00
-2.579991345128431135e+02 -6.302997139400847715e-01
-2.580025416184029154e+02 0.000000000000000000e+00
2.064095679343047891e+02 -6.055264465428162879e-01
4.862173358563634338e+02 0.000000000000000000e+00
2.617422839050415462e+01 -5.809199254524584077e-01
-5.852920599083458910e+02 0.000000000000000000e+00
-3.677331763385103045e+02 -5.564727539642735366e-01
4.377116786234179244e+02 0.000000000000000000e+00
6.222243586972497269e+02 -5.321776576441745732e-01
-9.092658937682958253e+01 0.000000000000000000e+00
-6.103083989293412515e+02 -5.080274780706348636e-01
-2.202866739933796225e+02 0.000000000000000000e+00
3.937941705080515362e+02 -4.840151667618695086e-01
3.586050290887238816e+02 0.000000000000000000e+00
-1.137942149774812606e+02 -4.601337792750213040e-01
-2.869431752153006414e+02 0.000000000000000000e+00
-4.474091292146721344e+01 -4.363764694632203955e-01
1.591114339036776641e+02 0.000000000000000000e+00
9.510699031467123632e+01 -4.127364838794740365e-01
-4.169941212959787435e+01 0.000000000000000000e+00
-5.787742057757114367e+01 -3.892071563260470768e-01
3.766809748803218838e+00 0.000000000000000000e+00
3.239918267686056197e+01 -3.657819025394113410e-01
1.499653818042806463e+01 0.000000000000000000e+00
-2.419892711352751302e+00 -3.424542149985141393e-01
-1.138011188377324068e+00 0.000000000000000000e+00
5.623457768755043773e+00 -3.192176578393493003e-01
7.187979287109786952e+00 0.000000000000000000e+00
5.441404256277179385e+00 -2.960658618801588204e-01
4.469121790595819377e+00 0.000000000000000000e+00
4.702733695123486157e+00 -2.729925197499651901e-01
5.023196994299568452e+00 0.000000000000000000e+00
5.040070040762095971e+00 -2.499913811088108062e-01
4.960897201206959650e+00 0.000000000000000000e+00
4.931460028537300033e+00 -2.270562479445974446e-01
4.934994864165736850e+00 0.000000000000000000e+00
4.935304587545502386e+00 -2.041809699477070694e-01
4.928354901816943467e+00 0.000000000000000000e+00
4.920589349289070213e+00 -1.813594399611124786e-01
4.914116521542838179e+00 0.000000000000000000e+00
4.908257146671106241e+00 -1.585855894914054431e-01
4.902571310893046430e+00 0.000000000000000000e+00
4.897119757166543685e+00 -1.358533842723614882e-01
4.892009356714110524e+00 0.000000000000000000e+00
4.887276735610168288e+00 -1.131568198769752343e-01
4.882936538771629031e+00 0.000000000000000000e+00
4.879005753937770251e+00 -9.048991737757017262e-02
4.875501587407248039e+00 0.000000000000000000e+00
4.872438453466824804e+00 -6.784671904247385754e-02
4.869828032514959659e+00 0.000000000000000000e+00
4.867679824780642761e+00 -4.522128405937042572e-02
4.866001397434325249e+00 0.000000000000000000e+00
4.864798502292837057e+00 -2.260768428221560100e-02
4.864075172755409682e+00 0.000000000000000000e+00
