

*******************************************************************************
Tue Apr  6 12:07:59 2021


FIT:    data read from 'oversampling.dat'
        format = z
        x range restricted to [1.00000 : 10.0000]
        #datapoints = 4
        residuals are weighted equally (unit weight)

function used for fitting: e(x)
	e(x) = a*exp(-x) + b
fitted parameters initialized with current variable values

iter      chisq       delta/lim  lambda   a             b            
   0 4.0121420838e+02   0.00e+00  2.71e+01    1.000000e+02   3.300000e+01
   4 6.0535386939e+01  -1.85e-08  2.71e-03    1.319442e+02   3.678571e+01

After 4 iterations the fit converged.
final sum of squares of residuals : 60.5354
rel. change during last iteration : -1.84868e-13

degrees of freedom    (FIT_NDF)                        : 2
rms of residuals      (FIT_STDFIT) = sqrt(WSSR/ndf)    : 5.50161
variance of residuals (reduced chisquare) = WSSR/ndf   : 30.2677

Final set of parameters            Asymptotic Standard Error
=======================            ==========================
a               = 131.944          +/- 18.77        (14.23%)
b               = 36.7857          +/- 3.683        (10.01%)

correlation matrix of the fit parameters:
                a      b      
a               1.000 
b              -0.665  1.000 


*******************************************************************************
Tue Apr  6 12:09:03 2021


FIT:    data read from 'oversampling.dat'
        format = z
        x range restricted to [1.00000 : 10.0000]
        #datapoints = 4
        residuals are weighted equally (unit weight)

function used for fitting: e(x)
	e(x) = a*exp(-x) + b
fitted parameters initialized with current variable values

iter      chisq       delta/lim  lambda   a            
   0 6.2809471282e+02   0.00e+00  1.96e+01    1.000000e+02
   3 1.6328116170e+02  -7.08e-02  1.96e-02    1.549412e+02

After 3 iterations the fit converged.
final sum of squares of residuals : 163.281
rel. change during last iteration : -7.08132e-07

degrees of freedom    (FIT_NDF)                        : 3
rms of residuals      (FIT_STDFIT) = sqrt(WSSR/ndf)    : 7.37747
variance of residuals (reduced chisquare) = WSSR/ndf   : 54.4271

Final set of parameters            Asymptotic Standard Error
=======================            ==========================
a               = 154.941          +/- 18.8         (12.13%)


*******************************************************************************
Tue Apr  6 12:09:35 2021


FIT:    data read from 'oversampling.dat'
        format = z
        x range restricted to [1.00000 : 10.0000]
        #datapoints = 3
        residuals are weighted equally (unit weight)

function used for fitting: e(x)
	e(x) = a*exp(-x) + b
fitted parameters initialized with current variable values

iter      chisq       delta/lim  lambda   a            
   0 3.6526395687e+02   0.00e+00  7.88e+00    1.000000e+02
   3 3.1204597197e+01  -7.39e-01  7.88e-03    2.338315e+02

After 3 iterations the fit converged.
final sum of squares of residuals : 31.2046
rel. change during last iteration : -7.38503e-06

degrees of freedom    (FIT_NDF)                        : 2
rms of residuals      (FIT_STDFIT) = sqrt(WSSR/ndf)    : 3.94997
variance of residuals (reduced chisquare) = WSSR/ndf   : 15.6023

Final set of parameters            Asymptotic Standard Error
=======================            ==========================
a               = 233.831          +/- 28.92        (12.37%)


*******************************************************************************
Tue Apr  6 12:10:23 2021


FIT:    data read from 'oversampling.dat'
        format = z
        x range restricted to [1.00000 : 10.0000]
        #datapoints = 4
        residuals are weighted equally (unit weight)

function used for fitting: e(x)
	e(x) = a*exp(-x) + b
fitted parameters initialized with current variable values

iter      chisq       delta/lim  lambda   a             b             c            
   0 6.2809471282e+02   0.00e+00  2.07e+01    1.000000e+02   3.000000e+01   1.000000e+00
BREAK: Singular matrix in Invert_RtR

*******************************************************************************
Tue Apr  6 12:10:59 2021


FIT:    data read from 'oversampling.dat'
        format = z
        x range restricted to [1.00000 : 10.0000]
        #datapoints = 4
        residuals are weighted equally (unit weight)

function used for fitting: e(x)
	e(x) = a*exp(-c*x) + b
fitted parameters initialized with current variable values

iter      chisq       delta/lim  lambda   a             b             c            
   0 8.8889577040e+10   0.00e+00  6.97e+05    1.000000e+02   3.000000e+01  -1.000000e+00
 150 4.8347208613e+02  -3.12e-01  6.97e-01   -5.232097e+01   1.253232e+02  -7.189012e-02

After 150 iterations the fit converged.
final sum of squares of residuals : 483.472
rel. change during last iteration : -3.12318e-06

degrees of freedom    (FIT_NDF)                        : 1
rms of residuals      (FIT_STDFIT) = sqrt(WSSR/ndf)    : 21.988
variance of residuals (reduced chisquare) = WSSR/ndf   : 483.472

Final set of parameters            Asymptotic Standard Error
=======================            ==========================
a               = -52.321          +/- 886          (1693%)
b               = 125.323          +/- 914.3        (729.5%)
c               = -0.0718901       +/- 0.8964       (1247%)

correlation matrix of the fit parameters:
                a      b      c      
a               1.000 
b              -1.000  1.000 
c              -0.999  0.998  1.000 


*******************************************************************************
Tue Apr  6 12:11:21 2021


FIT:    data read from 'oversampling.dat'
        format = z
        x range restricted to [1.00000 : 10.0000]
        #datapoints = 4
        residuals are weighted equally (unit weight)

function used for fitting: e(x)
	e(x) = a*exp(-c*x) + b
fitted parameters initialized with current variable values

iter      chisq       delta/lim  lambda   a             b             c            
   0 6.2809471282e+02   0.00e+00  2.46e+01    1.000000e+02   3.000000e+01   1.000000e+00
   6 2.8364881034e+00   0.00e+00  2.46e+06    9.418233e+01   3.165430e+01   5.999455e-01

After 6 iterations the fit converged.
final sum of squares of residuals : 2.83649
rel. change during last iteration : 0

degrees of freedom    (FIT_NDF)                        : 1
rms of residuals      (FIT_STDFIT) = sqrt(WSSR/ndf)    : 1.68419
variance of residuals (reduced chisquare) = WSSR/ndf   : 2.83649

Final set of parameters            Asymptotic Standard Error
=======================            ==========================
a               = 94.1823          +/- 6.784        (7.203%)
b               = 31.6543          +/- 1.874        (5.921%)
c               = 0.599946         +/- 0.07184      (11.97%)

correlation matrix of the fit parameters:
                a      b      c      
a               1.000 
b               0.288  1.000 
c               0.805  0.734  1.000 


*******************************************************************************
Tue Apr  6 12:14:07 2021


FIT:    data read from 'oversampling.dat'
        format = z
        x range restricted to [1.00000 : 10.0000]
        #datapoints = 4
        residuals are weighted equally (unit weight)

function used for fitting: e(x)
	e(x) = a*exp(-c*x) + b
fitted parameters initialized with current variable values

iter      chisq       delta/lim  lambda   a             b             c            
   0 6.2809471282e+02   0.00e+00  2.46e+01    1.000000e+02   3.000000e+01   1.000000e+00
   6 2.8364881034e+00   0.00e+00  2.46e+06    9.418233e+01   3.165430e+01   5.999455e-01

After 6 iterations the fit converged.
final sum of squares of residuals : 2.83649
rel. change during last iteration : 0

degrees of freedom    (FIT_NDF)                        : 1
rms of residuals      (FIT_STDFIT) = sqrt(WSSR/ndf)    : 1.68419
variance of residuals (reduced chisquare) = WSSR/ndf   : 2.83649

Final set of parameters            Asymptotic Standard Error
=======================            ==========================
a               = 94.1823          +/- 6.784        (7.203%)
b               = 31.6543          +/- 1.874        (5.921%)
c               = 0.599946         +/- 0.07184      (11.97%)

correlation matrix of the fit parameters:
                a      b      c      
a               1.000 
b               0.288  1.000 
c               0.805  0.734  1.000 


*******************************************************************************
Tue Apr  6 12:14:35 2021


FIT:    data read from 'oversampling.dat'
        format = z
        x range restricted to [1.00000 : 10.0000]
        #datapoints = 4
        residuals are weighted equally (unit weight)

function used for fitting: e(x)
	e(x) = a*exp(-c*x) + b
fitted parameters initialized with current variable values

iter      chisq       delta/lim  lambda   a             b             c            
   0 6.2809471282e+02   0.00e+00  2.46e+01    1.000000e+02   3.000000e+01   1.000000e+00
   6 2.8364881034e+00   0.00e+00  2.46e+06    9.418233e+01   3.165430e+01   5.999455e-01

After 6 iterations the fit converged.
final sum of squares of residuals : 2.83649
rel. change during last iteration : 0

degrees of freedom    (FIT_NDF)                        : 1
rms of residuals      (FIT_STDFIT) = sqrt(WSSR/ndf)    : 1.68419
variance of residuals (reduced chisquare) = WSSR/ndf   : 2.83649

Final set of parameters            Asymptotic Standard Error
=======================            ==========================
a               = 94.1823          +/- 6.784        (7.203%)
b               = 31.6543          +/- 1.874        (5.921%)
c               = 0.599946         +/- 0.07184      (11.97%)

correlation matrix of the fit parameters:
                a      b      c      
a               1.000 
b               0.288  1.000 
c               0.805  0.734  1.000 


*******************************************************************************
Tue Apr  6 12:53:22 2021


FIT:    data read from 'oversampling.dat'
        format = z
        x range restricted to [1.00000 : 10.0000]
        #datapoints = 4
        residuals are weighted equally (unit weight)

function used for fitting: e(x)
	e(x) = a*exp(-c*x) + b
fitted parameters initialized with current variable values

iter      chisq       delta/lim  lambda   a             b             c            
   0 6.2809471282e+02   0.00e+00  2.46e+01    1.000000e+02   3.000000e+01   1.000000e+00
   6 2.8364881034e+00   0.00e+00  2.46e+06    9.418233e+01   3.165430e+01   5.999455e-01

After 6 iterations the fit converged.
final sum of squares of residuals : 2.83649
rel. change during last iteration : 0

degrees of freedom    (FIT_NDF)                        : 1
rms of residuals      (FIT_STDFIT) = sqrt(WSSR/ndf)    : 1.68419
variance of residuals (reduced chisquare) = WSSR/ndf   : 2.83649

Final set of parameters            Asymptotic Standard Error
=======================            ==========================
a               = 94.1823          +/- 6.784        (7.203%)
b               = 31.6543          +/- 1.874        (5.921%)
c               = 0.599946         +/- 0.07184      (11.97%)

correlation matrix of the fit parameters:
                a      b      c      
a               1.000 
b               0.288  1.000 
c               0.805  0.734  1.000 


*******************************************************************************
Tue Apr  6 12:53:46 2021


FIT:    data read from 'oversampling.dat'
        format = z
        x range restricted to [1.00000 : 10.0000]
        #datapoints = 4
        residuals are weighted equally (unit weight)

function used for fitting: e(x)
	e(x) = a*exp(-c*x) + b
fitted parameters initialized with current variable values

iter      chisq       delta/lim  lambda   a             b             c            
   0 6.2809471282e+02   0.00e+00  2.46e+01    1.000000e+02   3.000000e+01   1.000000e+00
   6 2.8364881034e+00   0.00e+00  2.46e+06    9.418233e+01   3.165430e+01   5.999455e-01

After 6 iterations the fit converged.
final sum of squares of residuals : 2.83649
rel. change during last iteration : 0

degrees of freedom    (FIT_NDF)                        : 1
rms of residuals      (FIT_STDFIT) = sqrt(WSSR/ndf)    : 1.68419
variance of residuals (reduced chisquare) = WSSR/ndf   : 2.83649

Final set of parameters            Asymptotic Standard Error
=======================            ==========================
a               = 94.1823          +/- 6.784        (7.203%)
b               = 31.6543          +/- 1.874        (5.921%)
c               = 0.599946         +/- 0.07184      (11.97%)

correlation matrix of the fit parameters:
                a      b      c      
a               1.000 
b               0.288  1.000 
c               0.805  0.734  1.000 
